{
  "RSpec": {
    "coverage": {
      "/Users/jonosommers/turing_work/2mod/projects/little_shop/spec/models/customer_spec.rb": {
        "lines": [

        ]
      },
      "/Users/jonosommers/turing_work/2mod/projects/little_shop/spec/models/invoice_spec.rb": {
        "lines": [

        ]
      },
      "/Users/jonosommers/turing_work/2mod/projects/little_shop/spec/models/item_spec.rb": {
        "lines": [

        ]
      },
      "/Users/jonosommers/turing_work/2mod/projects/little_shop/spec/models/mechant_spec.rb": {
        "lines": [

        ]
      },
      "/Users/jonosommers/turing_work/2mod/projects/little_shop/spec/requests/api/v1/customers_request_spec.rb": {
        "lines": [

        ]
      },
      "/Users/jonosommers/turing_work/2mod/projects/little_shop/spec/requests/api/v1/invoices_request_spec.rb": {
        "lines": [

        ]
      },
      "/Users/jonosommers/turing_work/2mod/projects/little_shop/spec/requests/api/v1/items_request_spec.rb": {
        "lines": [
          1,
          null,
          1,
          1,
          null,
          1,
          null,
          null,
          null,
          1,
          null,
          null,
          null,
          null,
          null,
          null,
          1,
          null,
          null,
          null,
          null,
          null,
          null,
          1,
          null,
          null,
          null,
          null,
          null,
          null,
          1,
          null,
          1,
          null,
          1,
          1,
          1,
          null,
          1,
          3,
          3,
          null,
          3,
          3,
          null,
          3,
          3,
          null,
          3,
          3,
          null,
          3,
          3,
          null,
          null,
          null,
          1,
          null,
          1,
          null,
          null,
          null,
          1,
          null,
          null,
          null,
          null,
          null,
          null,
          1,
          null,
          null,
          null,
          null,
          null,
          null,
          1,
          null,
          null,
          null,
          null,
          null,
          null,
          1,
          null,
          1,
          null,
          1,
          null,
          1,
          1,
          null,
          1,
          1,
          null,
          null
        ]
      },
      "/Users/jonosommers/turing_work/2mod/projects/little_shop/spec/rails_helper.rb": {
        "lines": [
          null,
          1,
          1,
          1,
          null,
          1,
          null,
          null,
          null,
          1,
          null,
          null,
          null,
          null,
          null,
          null,
          null,
          null,
          null,
          null,
          null,
          null,
          null,
          null,
          null,
          null,
          null,
          null,
          null,
          null,
          1,
          null,
          0,
          null,
          1,
          null,
          1,
          null,
          null,
          null,
          null,
          null,
          null,
          1,
          null,
          null,
          null,
          null,
          null,
          null,
          null,
          null,
          null,
          null,
          null,
          null,
          null,
          null,
          null,
          null,
          null,
          null,
          null,
          null,
          null,
          null,
          1,
          null,
          null,
          null
        ]
      },
      "/Users/jonosommers/turing_work/2mod/projects/little_shop/config/environment.rb": {
        "lines": [
          null,
          1,
          null,
          null,
          1
        ]
      },
      "/Users/jonosommers/turing_work/2mod/projects/little_shop/config/application.rb": {
        "lines": [
          1,
          null,
          1,
          null,
          1,
          1,
          1,
          1,
          1,
          1,
          1,
          1,
          1,
          1,
          null,
          null,
          null,
          null,
          1,
          null,
          1,
          1,
          null,
          1,
          null,
          null,
          null,
          null,
          1,
          null,
          null,
          null,
          null,
          null,
          null,
          null,
          null,
          null,
          null,
          null,
          null,
          1,
          null,
          null
        ]
      },
      "/Users/jonosommers/turing_work/2mod/projects/little_shop/config/boot.rb": {
        "lines": [
          1,
          null,
          1,
          1
        ]
      },
      "/Users/jonosommers/turing_work/2mod/projects/little_shop/config/environments/test.rb": {
        "lines": [
          1,
          null,
          null,
          null,
          null,
          null,
          null,
          1,
          null,
          null,
          null,
          1,
          null,
          null,
          null,
          null,
          null,
          1,
          null,
          null,
          1,
          1,
          null,
          null,
          null,
          null,
          1,
          1,
          1,
          null,
          null,
          1,
          null,
          null,
          1,
          null,
          null,
          1,
          null,
          1,
          null,
          null,
          null,
          null,
          1,
          null,
          null,
          1,
          null,
          null,
          1,
          null,
          null,
          1,
          null,
          null,
          null,
          null,
          null,
          null,
          null,
          null,
          1,
          null
        ]
      },
      "/Users/jonosommers/turing_work/2mod/projects/little_shop/config/initializers/cors.rb": {
        "lines": [
          null,
          null,
          null,
          null,
          null,
          null,
          null,
          1,
          1,
          1,
          null,
          1,
          null,
          null,
          null,
          null
        ]
      },
      "/Users/jonosommers/turing_work/2mod/projects/little_shop/config/initializers/filter_parameter_logging.rb": {
        "lines": [
          null,
          null,
          null,
          null,
          null,
          1,
          null,
          null
        ]
      },
      "/Users/jonosommers/turing_work/2mod/projects/little_shop/config/initializers/inflections.rb": {
        "lines": [
          null,
          null,
          null,
          null,
          null,
          null,
          null,
          null,
          null,
          null,
          null,
          null,
          null,
          null,
          null,
          null
        ]
      },
      "/Users/jonosommers/turing_work/2mod/projects/little_shop/config/routes.rb": {
        "lines": [
          1,
          null,
          null,
          null,
          null,
          1,
          null,
          null,
          null,
          null,
          1,
          1,
          1,
          null
        ]
      },
      "/Users/jonosommers/turing_work/2mod/projects/little_shop/spec/requests/api/v1/merchants_request_spec.rb": {
        "lines": [
          1,
          null,
          1,
          1,
          null,
          1,
          null,
          null,
          null,
          1,
          null,
          null,
          null,
          1,
          null,
          null,
          null,
          1,
          null,
          1,
          null,
          1,
          1,
          1,
          null,
          1,
          3,
          3,
          null,
          3,
          3,
          null,
          null,
          null,
          1,
          null,
          1,
          null,
          null,
          null,
          1,
          null,
          null,
          null,
          1,
          null,
          null,
          null,
          1,
          null,
          1,
          null,
          1,
          null,
          1,
          1,
          null,
          1,
          1,
          null,
          null,
          1,
          null,
          1,
          null,
          null,
          null,
          null,
          1,
          null,
          null,
          null,
          1,
          null,
          null,
          null,
          1,
          null,
          null,
          null,
          1,
          null,
          null,
          null,
          null,
          null,
          1,
          null,
          null,
          null,
          null,
          null,
          1,
          null,
          1,
          null,
          1,
          null,
          1,
          1,
          1,
          1,
          null,
          null,
          1,
          null,
          1,
          null,
          null,
          null,
          1,
          null,
          null,
          null,
          1,
          null,
          null,
          null,
          1,
          null,
          null,
          null,
          null,
          null,
          null,
          1,
          null,
          null,
          null,
          null,
          null,
          null,
          1,
          null,
          null,
          null,
          null,
          null,
          null,
          1,
          null,
          1,
          null,
          1,
          null,
          1,
          1,
          null,
          1,
          null,
          1,
          3,
          3,
          null,
          3,
          3,
          null,
          3,
          3,
          null,
          null,
          null
        ]
      },
      "/Users/jonosommers/turing_work/2mod/projects/little_shop/app/models/merchant.rb": {
        "lines": [
          1,
          1,
          1,
          null
        ]
      },
      "/Users/jonosommers/turing_work/2mod/projects/little_shop/app/models/application_record.rb": {
        "lines": [
          1,
          1,
          null
        ]
      },
      "/Users/jonosommers/turing_work/2mod/projects/little_shop/app/models/item.rb": {
        "lines": [
          1,
          1,
          1,
          null
        ]
      },
      "/Users/jonosommers/turing_work/2mod/projects/little_shop/app/controllers/api/v1/items_controller.rb": {
        "lines": [
          1,
          1,
          2,
          2,
          2,
          null,
          2,
          1,
          null,
          null,
          2,
          null,
          null
        ]
      },
      "/Users/jonosommers/turing_work/2mod/projects/little_shop/app/controllers/application_controller.rb": {
        "lines": [
          1,
          null,
          null
        ]
      },
      "/Users/jonosommers/turing_work/2mod/projects/little_shop/app/serializers/item_serializer.rb": {
        "lines": [
          1,
          1,
          null,
          1,
          null
        ]
      },
      "/Users/jonosommers/turing_work/2mod/projects/little_shop/app/controllers/api/v1/merchants_controller.rb": {
        "lines": [
          1,
          1,
          4,
          4,
          null,
          4,
          1,
          1,
          1,
          null,
          3,
          1,
          1,
          1,
          null,
          2,
          1,
          1,
          null,
          null,
          1,
          1,
          null,
          null,
          null,
          1,
          null,
          1,
          0,
          null,
          null
        ]
      },
      "/Users/jonosommers/turing_work/2mod/projects/little_shop/app/serializers/merchant_serializer.rb": {
        "lines": [
          1,
          1,
          1,
          12,
          3,
          null,
          null
        ]
      },
      "/Users/jonosommers/turing_work/2mod/projects/little_shop/app/models/customer.rb": {
        "lines": [
          1,
          1,
          null
        ]
      },
      "/Users/jonosommers/turing_work/2mod/projects/little_shop/app/models/invoice.rb": {
        "lines": [
          1,
          1,
          1,
          1,
          1,
          null
        ]
      }
    },
    "timestamp": 1736388398
  }
}
